[debug] [2021-04-03T15:00:43.774Z] ----------------------------------------------------------------------
[debug] [2021-04-03T15:00:43.776Z] Command:       C:\Program Files\nodejs\node.exe C:\Users\Rahat\AppData\Roaming\npm\node_modules\firebase-tools\lib\bin\firebase.js deploy
[debug] [2021-04-03T15:00:43.776Z] CLI Version:   9.8.0
[debug] [2021-04-03T15:00:43.776Z] Platform:      win32
[debug] [2021-04-03T15:00:43.776Z] Node Version:  v14.16.0
[debug] [2021-04-03T15:00:43.777Z] Time:          Sat Apr 03 2021 21:00:43 GMT+0600 (Bangladesh Standard Time)
[debug] [2021-04-03T15:00:43.777Z] ----------------------------------------------------------------------
[debug] 
[debug] [2021-04-03T15:00:43.782Z] > command requires scopes: ["email","openid","https://www.googleapis.com/auth/cloudplatformprojects.readonly","https://www.googleapis.com/auth/firebase","https://www.googleapis.com/auth/cloud-platform"]
[debug] [2021-04-03T15:00:43.783Z] > authorizing via signed-in user
[debug] [2021-04-03T15:00:43.783Z] [iam] checking project freshvalleyrahat90 for permissions ["firebase.projects.get","firebasehosting.sites.update"]
[debug] [2021-04-03T15:00:43.784Z] > refreshing access token with scopes: ["email","https://www.googleapis.com/auth/cloud-platform","https://www.googleapis.com/auth/cloudplatformprojects.readonly","https://www.googleapis.com/auth/firebase","openid"]
[debug] [2021-04-03T15:00:43.785Z] >>> HTTP REQUEST POST https://www.googleapis.com/oauth2/v3/token  
 <request body omitted>
[debug] [2021-04-03T15:01:08.414Z] [iam] error while checking permissions, command may fail: FirebaseError: Authentication Error: Your credentials are no longer valid. Please run firebase login --reauth

For CI servers and headless environments, generate a new token with firebase login:ci
[debug] [2021-04-03T15:01:08.417Z] >>> [apiv2][query] GET https://firebase.googleapis.com/v1beta1/projects/freshvalleyrahat90 [none]
[debug] [2021-04-03T15:01:19.611Z] Failed to make request to https://firebase.googleapis.com/v1beta1/projects/freshvalleyrahat90
[debug] [2021-04-03T15:01:40.620Z] FirebaseError: Failed to make request to https://firebase.googleapis.com/v1beta1/projects/freshvalleyrahat90
    at Client.doRequest (C:\Users\Rahat\AppData\Roaming\npm\node_modules\firebase-tools\lib\apiv2.js:211:19)
    at processTicksAndRejections (internal/process/task_queues.js:93:5)
    at async Client.request (C:\Users\Rahat\AppData\Roaming\npm\node_modules\firebase-tools\lib\apiv2.js:96:20)
    at async Object.getFirebaseProject (C:\Users\Rahat\AppData\Roaming\npm\node_modules\firebase-tools\lib\management\projects.js:289:21)
    at async Object.getDefaultHostingSite (C:\Users\Rahat\AppData\Roaming\npm\node_modules\firebase-tools\lib\getDefaultHostingSite.js:8:21)
    at async requireHostingSite (C:\Users\Rahat\AppData\Roaming\npm\node_modules\firebase-tools\lib\requireHostingSite.js:9:18)
    at async Object.fn (C:\Users\Rahat\AppData\Roaming\npm\node_modules\firebase-tools\lib\commands\deploy.js:66:9)
    at async C:\Users\Rahat\AppData\Roaming\npm\node_modules\firebase-tools\lib\command.js:161:17
[error] 
[error] Error: Failed to get Firebase project freshvalleyrahat90. Please make sure the project exists and your account has permission to access it.
